[debug] [2021-11-16T11:36:55.232Z] ----------------------------------------------------------------------
[debug] [2021-11-16T11:36:55.234Z] Command:       C:\Program Files\nodejs\node.exe C:\Users\Alice\AppData\Roaming\npm\node_modules\firebase-tools\lib\bin\firebase.js init
[debug] [2021-11-16T11:36:55.234Z] CLI Version:   9.22.0
[debug] [2021-11-16T11:36:55.234Z] Platform:      win32
[debug] [2021-11-16T11:36:55.235Z] Node Version:  v14.0.0
[debug] [2021-11-16T11:36:55.235Z] Time:          Tue Nov 16 2021 12:36:55 GMT+0100 (Central European Standard Time)
[debug] [2021-11-16T11:36:55.236Z] ----------------------------------------------------------------------
[debug] 
[debug] [2021-11-16T11:36:55.282Z] > command requires scopes: ["email","openid","https://www.googleapis.com/auth/cloudplatformprojects.readonly","https://www.googleapis.com/auth/firebase","https://www.googleapis.com/auth/cloud-platform"]
[debug] [2021-11-16T11:36:55.282Z] > authorizing via signed-in user (alice.hodgy@gmail.com)
[info] 
     ######## #### ########  ######## ########     ###     ######  ########
     ##        ##  ##     ## ##       ##     ##  ##   ##  ##       ##
     ######    ##  ########  ######   ########  #########  ######  ######
     ##        ##  ##    ##  ##       ##     ## ##     ##       ## ##
     ##       #### ##     ## ######## ########  ##     ##  ######  ########

You're about to initialize a Firebase project in this directory:

  C:\Users\Alice\Desktop\Web-development\REACT\react projects\meetup-app

Before we get started, keep in mind:

  * You are initializing within an existing Firebase project directory

